<?xml version="1.0" encoding="UTF-8"?>
<testng-results skipped="0" failed="1" ignored="0" total="2" passed="1">
  <reporter-output>
  </reporter-output>
  <suite name="Default suite" duration-ms="65788" started-at="2019-08-15T13:37:35Z" finished-at="2019-08-15T13:38:41Z">
    <groups>
    </groups>
    <test name="Default test" duration-ms="65788" started-at="2019-08-15T13:37:35Z" finished-at="2019-08-15T13:38:41Z">
      <class name="com.selenium.week7.SeleniumAdvanceFunctionalLisiesTest">
        <test-method status="PASS" signature="beforeAllTest()[pri:0, instance:com.selenium.week7.SeleniumAdvanceFunctionalLisiesTest@66480dd7]" name="beforeAllTest" is-config="true" duration-ms="20" started-at="2019-08-15T13:37:35Z" finished-at="2019-08-15T13:37:35Z">
          <reporter-output>
          </reporter-output>
        </test-method> <!-- beforeAllTest -->
        <test-method status="PASS" signature="beforeEachTest()[pri:0, instance:com.selenium.week7.SeleniumAdvanceFunctionalLisiesTest@66480dd7]" name="beforeEachTest" is-config="true" duration-ms="4335" started-at="2019-08-15T13:37:35Z" finished-at="2019-08-15T13:37:39Z">
          <reporter-output>
          </reporter-output>
        </test-method> <!-- beforeEachTest -->
        <test-method status="FAIL" signature="learningSeleniumAdvance1()[pri:0, instance:com.selenium.week7.SeleniumAdvanceFunctionalLisiesTest@66480dd7]" name="learningSeleniumAdvance1" duration-ms="29562" started-at="2019-08-15T13:37:39Z" finished-at="2019-08-15T13:38:09Z">
          <exception class="org.openqa.selenium.NoSuchElementException">
            <message>
              <![CDATA[no such element: Unable to locate element: {"method":"partial link text","selector":"Click-N-Ship"}
  (Session info: chrome=76.0.3809.100)
For documentation on this error, please visit: http://seleniumhq.org/exceptions/no_such_element.html
Build info: version: '3.14.0', revision: 'aacccce0', time: '2018-08-02T20:19:58.91Z'
System info: host: 'DESKTOP-VQCK5T1', ip: '192.168.0.7', os.name: 'Windows 10', os.arch: 'amd64', os.version: '10.0', java.version: '1.8.0_191'
Driver info: org.openqa.selenium.chrome.ChromeDriver
Capabilities {acceptInsecureCerts: false, browserName: chrome, browserVersion: 76.0.3809.100, chrome: {chromedriverVersion: 75.0.3770.140 (2d9f97485c7b..., userDataDir: C:\Users\saver\AppData\Loca...}, goog:chromeOptions: {debuggerAddress: localhost:53234}, javascriptEnabled: true, networkConnectionEnabled: false, pageLoadStrategy: normal, platform: XP, platformName: XP, proxy: Proxy(), setWindowRect: true, strictFileInteractability: false, timeouts: {implicit: 0, pageLoad: 300000, script: 30000}, unhandledPromptBehavior: dismiss and notify}
Session ID: 539cd90edf56f29e21b36433d2825ff7
*** Element info: {Using=partial link text, value=Click-N-Ship}]]>
            </message>
            <full-stacktrace>
              <![CDATA[org.openqa.selenium.NoSuchElementException: no such element: Unable to locate element: {"method":"partial link text","selector":"Click-N-Ship"}
  (Session info: chrome=76.0.3809.100)
For documentation on this error, please visit: http://seleniumhq.org/exceptions/no_such_element.html
Build info: version: '3.14.0', revision: 'aacccce0', time: '2018-08-02T20:19:58.91Z'
System info: host: 'DESKTOP-VQCK5T1', ip: '192.168.0.7', os.name: 'Windows 10', os.arch: 'amd64', os.version: '10.0', java.version: '1.8.0_191'
Driver info: org.openqa.selenium.chrome.ChromeDriver
Capabilities {acceptInsecureCerts: false, browserName: chrome, browserVersion: 76.0.3809.100, chrome: {chromedriverVersion: 75.0.3770.140 (2d9f97485c7b..., userDataDir: C:\Users\saver\AppData\Loca...}, goog:chromeOptions: {debuggerAddress: localhost:53234}, javascriptEnabled: true, networkConnectionEnabled: false, pageLoadStrategy: normal, platform: XP, platformName: XP, proxy: Proxy(), setWindowRect: true, strictFileInteractability: false, timeouts: {implicit: 0, pageLoad: 300000, script: 30000}, unhandledPromptBehavior: dismiss and notify}
Session ID: 539cd90edf56f29e21b36433d2825ff7
*** Element info: {Using=partial link text, value=Click-N-Ship}
at sun.reflect.NativeConstructorAccessorImpl.newInstance0(Native Method)
at sun.reflect.NativeConstructorAccessorImpl.newInstance(NativeConstructorAccessorImpl.java:62)
at sun.reflect.DelegatingConstructorAccessorImpl.newInstance(DelegatingConstructorAccessorImpl.java:45)
at java.lang.reflect.Constructor.newInstance(Constructor.java:423)
at org.openqa.selenium.remote.http.W3CHttpResponseCodec.createException(W3CHttpResponseCodec.java:187)
at org.openqa.selenium.remote.http.W3CHttpResponseCodec.decode(W3CHttpResponseCodec.java:122)
at org.openqa.selenium.remote.http.W3CHttpResponseCodec.decode(W3CHttpResponseCodec.java:49)
at org.openqa.selenium.remote.HttpCommandExecutor.execute(HttpCommandExecutor.java:158)
at org.openqa.selenium.remote.service.DriverCommandExecutor.execute(DriverCommandExecutor.java:83)
at org.openqa.selenium.remote.RemoteWebDriver.execute(RemoteWebDriver.java:548)
at org.openqa.selenium.remote.RemoteWebDriver.findElement(RemoteWebDriver.java:322)
at org.openqa.selenium.remote.RemoteWebDriver.findElementByPartialLinkText(RemoteWebDriver.java:384)
at org.openqa.selenium.By$ByPartialLinkText.findElement(By.java:250)
at org.openqa.selenium.remote.RemoteWebDriver.findElement(RemoteWebDriver.java:314)
at com.selenium.library.GlobalSeleniumLibrary.highlightElement(GlobalSeleniumLibrary.java:218)
at com.selenium.week7.SeleniumAdvanceFunctionalLisiesTest.learningSeleniumAdvance1(SeleniumAdvanceFunctionalLisiesTest.java:31)
at sun.reflect.NativeMethodAccessorImpl.invoke0(Native Method)
at sun.reflect.NativeMethodAccessorImpl.invoke(NativeMethodAccessorImpl.java:62)
at sun.reflect.DelegatingMethodAccessorImpl.invoke(DelegatingMethodAccessorImpl.java:43)
at java.lang.reflect.Method.invoke(Method.java:498)
at org.testng.internal.MethodInvocationHelper.invokeMethod(MethodInvocationHelper.java:124)
at org.testng.internal.Invoker.invokeMethod(Invoker.java:583)
at org.testng.internal.Invoker.invokeTestMethod(Invoker.java:719)
at org.testng.internal.Invoker.invokeTestMethods(Invoker.java:989)
at org.testng.internal.TestMethodWorker.invokeTestMethods(TestMethodWorker.java:125)
at org.testng.internal.TestMethodWorker.run(TestMethodWorker.java:109)
at org.testng.TestRunner.privateRun(TestRunner.java:648)
at org.testng.TestRunner.run(TestRunner.java:505)
at org.testng.SuiteRunner.runTest(SuiteRunner.java:455)
at org.testng.SuiteRunner.runSequentially(SuiteRunner.java:450)
at org.testng.SuiteRunner.privateRun(SuiteRunner.java:415)
at org.testng.SuiteRunner.run(SuiteRunner.java:364)
at org.testng.SuiteRunnerWorker.runSuite(SuiteRunnerWorker.java:52)
at org.testng.SuiteRunnerWorker.run(SuiteRunnerWorker.java:84)
at org.testng.TestNG.runSuitesSequentially(TestNG.java:1208)
at org.testng.TestNG.runSuitesLocally(TestNG.java:1137)
at org.testng.TestNG.runSuites(TestNG.java:1049)
at org.testng.TestNG.run(TestNG.java:1017)
at org.testng.remote.AbstractRemoteTestNG.run(AbstractRemoteTestNG.java:114)
at org.testng.remote.RemoteTestNG.initAndRun(RemoteTestNG.java:251)
at org.testng.remote.RemoteTestNG.main(RemoteTestNG.java:77)
]]>
            </full-stacktrace>
          </exception> <!-- org.openqa.selenium.NoSuchElementException -->
          <reporter-output>
          </reporter-output>
        </test-method> <!-- learningSeleniumAdvance1 -->
        <test-method status="PASS" signature="afterEachTest(org.testng.ITestResult)[pri:0, instance:com.selenium.week7.SeleniumAdvanceFunctionalLisiesTest@66480dd7]" name="afterEachTest" is-config="true" duration-ms="7088" started-at="2019-08-15T13:38:09Z" finished-at="2019-08-15T13:38:16Z">
          <params>
            <param index="0">
              <value>
                <![CDATA[[TestResult name=learningSeleniumAdvance1 status=FAILURE method=SeleniumAdvanceFunctionalLisiesTest.learningSeleniumAdvance1()[pri:0, instance:com.selenium.week7.SeleniumAdvanceFunctionalLisiesTest@66480dd7] output={null}]]]>
              </value>
            </param>
          </params>
          <reporter-output>
          </reporter-output>
        </test-method> <!-- afterEachTest -->
        <test-method status="PASS" signature="beforeEachTest()[pri:0, instance:com.selenium.week7.SeleniumAdvanceFunctionalLisiesTest@66480dd7]" name="beforeEachTest" is-config="true" duration-ms="3432" started-at="2019-08-15T13:38:16Z" finished-at="2019-08-15T13:38:19Z">
          <reporter-output>
          </reporter-output>
        </test-method> <!-- beforeEachTest -->
        <test-method status="PASS" signature="costcoTest()[pri:1, instance:com.selenium.week7.SeleniumAdvanceFunctionalLisiesTest@66480dd7]" name="costcoTest" duration-ms="14862" started-at="2019-08-15T13:38:19Z" finished-at="2019-08-15T13:38:34Z">
          <reporter-output>
          </reporter-output>
        </test-method> <!-- costcoTest -->
        <test-method status="PASS" signature="afterEachTest(org.testng.ITestResult)[pri:0, instance:com.selenium.week7.SeleniumAdvanceFunctionalLisiesTest@66480dd7]" name="afterEachTest" is-config="true" duration-ms="5523" started-at="2019-08-15T13:38:34Z" finished-at="2019-08-15T13:38:40Z">
          <params>
            <param index="0">
              <value>
                <![CDATA[[TestResult name=costcoTest status=SUCCESS method=SeleniumAdvanceFunctionalLisiesTest.costcoTest()[pri:1, instance:com.selenium.week7.SeleniumAdvanceFunctionalLisiesTest@66480dd7] output={null}]]]>
              </value>
            </param>
          </params>
          <reporter-output>
          </reporter-output>
        </test-method> <!-- afterEachTest -->
        <test-method status="PASS" signature="afterAllTest()[pri:0, instance:com.selenium.week7.SeleniumAdvanceFunctionalLisiesTest@66480dd7]" name="afterAllTest" is-config="true" duration-ms="933" started-at="2019-08-15T13:38:40Z" finished-at="2019-08-15T13:38:41Z">
          <reporter-output>
          </reporter-output>
        </test-method> <!-- afterAllTest -->
      </class> <!-- com.selenium.week7.SeleniumAdvanceFunctionalLisiesTest -->
    </test> <!-- Default test -->
  </suite> <!-- Default suite -->
</testng-results>
